0 -0.4059470295906067
1 -0.12965556979179382
2 -0.5112274885177612
3 -0.5786417126655579
4 -0.5310397893190384
5 -0.3701306879520416
6 -0.5251749753952026
7 -0.22521813213825226
8 -0.9012722074985504
9 -0.3150671422481537
10 -0.14067506790161133
11 -0.43971574306488037
12 -0.6023918390274048
13 -0.12625783681869507
14 -0.451015830039978
15 -0.19687184691429138
16 -0.5711167454719543
17 -0.36680811643600464
18 -0.5883861780166626
19 -0.9633990228176117
20 -0.3910473883152008
21 -0.5575772523880005
22 -0.19707003235816956
23 -0.49296143651008606
24 -0.1293417513370514
25 -0.3795837163925171
26 -1.7069623470306396
27 -0.49740833044052124
28 -1.1927824020385742
29 -0.43083706498146057
30 -0.3627089858055115
31 -0.35340604186058044
32 -0.12134116142988205
33 -0.20631903409957886
34 -2.0339962542057037
35 -0.45140501856803894
36 -0.41708502173423767
37 -0.4760928452014923
38 -0.3611258268356323
39 -1.1418795585632324
40 -0.412424236536026
41 -0.14239321649074554
42 -0.192428857088089
43 -0.5877880454063416
44 -0.45246750116348267
45 -0.33183979988098145
46 -0.2477160021662712
47 -0.37219876050949097
48 -0.3758973181247711
49 -0.20966379344463348
50 -0.24557875096797943
51 -0.5277836322784424
52 -0.16268029808998108
53 -0.37839092314243317
54 -0.2313288301229477
55 -0.18884454667568207
56 -0.42755305767059326
57 -0.22191815078258514
58 -0.7407223880290985
59 -0.21062573790550232
60 -0.5901681780815125
61 -1.3785125017166138
62 -0.4023086130619049
63 -0.20879973471164703
64 -0.1218961849808693
65 -0.87880939245224
66 -0.3020637631416321
67 -0.7109820544719696
68 -0.5784041881561279
69 -0.43579062819480896
70 -0.12524515390396118
71 -0.1990920454263687
72 -0.3442001938819885
73 -0.40059708058834076
74 -0.5174977779388428
75 -0.5887765288352966
76 -0.4027191698551178
77 -0.4109751880168915
78 -0.33618712425231934
79 -0.47275978326797485
80 -0.34922340512275696
81 -0.3658992052078247
82 -0.6923335492610931
83 -0.14656072854995728
84 -0.1271628737449646
85 -0.14696303009986877
86 -0.6634286642074585
87 -0.4327328950166702
88 -0.29185110330581665
89 -0.4306465983390808
90 -0.16561606526374817
91 -0.12470681220293045
92 -0.18763358891010284
93 -0.5198907852172852
94 -0.14803695678710938
95 -0.5841037034988403
96 -1.8529414534568787
97 -0.4279090464115143
98 -0.12803304195404053
99 -0.3771679401397705
100 -0.8403407335281372
101 -0.36719074845314026
102 -0.3587701618671417
103 -0.35711976885795593
104 -0.27659085392951965
105 -0.42814919352531433
106 -0.12997151911258698
107 -0.24951313436031342
108 -0.5448079109191895
109 -0.4322222173213959
110 -0.22911731898784637
111 -0.18399153649806976
112 -0.4648504853248596
113 -0.19721734523773193
114 -0.3805833160877228
115 -0.29555559158325195
116 -0.20714735984802246
117 -0.12160805612802505
118 -0.1273212432861328
119 -0.6953437328338623
120 -0.4979451894760132
121 -0.48918452858924866
122 -0.552443116903305
123 -0.4425879418849945
124 -0.2177538424730301
125 -0.15917959809303284
126 -0.5649417638778687
127 -0.5566340684890747
128 -0.36879098415374756
129 -0.36805495619773865
130 -0.12787090241909027
131 -0.38839203119277954
132 -0.12307601422071457
133 -0.2766803801059723
134 -0.14282162487506866
135 -0.26132775843143463
136 -0.46625201404094696
137 -0.4668082594871521
138 -0.1927746683359146
139 -0.25977909564971924
140 -0.14401496946811676
141 -0.3802039325237274
142 -0.5135142803192139
143 -0.18782569468021393
144 -0.4742278456687927
145 -0.2253943681716919
146 -0.12436166405677795
147 -0.28273460268974304
148 -0.19742070138454437
149 -0.5407556295394897
150 -0.12330497056245804
151 -0.4256342649459839
152 -0.20561634004116058
153 -0.4037494659423828
154 -0.560475766658783
155 -0.2445473074913025
156 -0.3518614172935486
157 -0.1591319590806961
158 -0.15628308057785034
159 -1.2228628396987915
160 -0.4566575884819031
161 -0.3157311975955963
162 -0.6737096607685089
163 -0.3076706528663635
164 -0.18313632905483246
165 -0.4502044916152954
166 -0.11804620921611786
167 -0.5162557363510132
168 -0.5265455842018127
169 -1.9083342552185059
170 -0.5125139355659485
171 -0.5762065052986145
172 -0.12194441258907318
173 -0.19451747834682465
174 -0.39947691559791565
175 -1.1267600059509277
176 -0.7800633907318115
177 -0.48663127422332764
178 -0.14604490995407104
179 -0.33726218342781067
180 -0.33195698261260986
181 -0.20527216792106628
182 -0.400171160697937
183 -0.5339963436126709
184 -1.0161831825971603
185 -0.1250259280204773
186 -0.12908393144607544
187 -0.40381506085395813
188 -0.2972913533449173
189 -0.36893245577812195
190 -0.4213523268699646
191 -0.9815388321876526
192 -0.11719875782728195
193 -0.41385237872600555
194 -0.9957943707704544
195 -0.3768986910581589
196 -0.7772626876831055
197 -0.5012211799621582
198 -0.19180847704410553
199 -0.5574571490287781
200 -0.12275882065296173
201 -1.4359660148620605
202 -0.21612340211868286
203 -0.23812231421470642
204 -0.17679311335086823
205 -0.11570777744054794
206 -0.44357526302337646
207 -0.1437598168849945
208 -0.5536243915557861
209 -0.8611624836921692
210 -0.3827684819698334
211 -0.47963982820510864
212 -0.680636465549469
213 -0.5145896077156067
214 -1.0416626334190369
215 -0.5140709280967712
216 -0.42926570773124695
217 -0.2675842046737671
218 -0.6104927659034729
219 -0.3119845688343048
220 -0.22012773156166077
221 -0.24675416946411133
222 -0.26562973856925964
223 -0.12270606309175491
224 -0.1899530291557312
225 -0.19221952557563782
226 -0.5959829688072205
227 -0.21605509519577026
228 -1.0658961534500122
229 -1.5148720443248749
230 -0.33672061562538147
231 -0.20012275874614716
232 -0.15164805948734283
233 -0.7949544191360474
234 -0.47290825843811035
235 -0.13183683156967163
236 -0.42437687516212463
237 -0.16880705952644348
238 -0.12671658396720886
239 -0.5033236742019653
240 -0.20528149604797363
241 -0.21560589969158173
242 -0.1215558648109436
243 -0.1865500956773758
244 -0.39678099751472473
245 -0.6102975606918335
246 -0.5370417237281799
247 -0.8665739744901657
248 -1.3504476249217987
249 -0.17929129302501678
250 -0.15380501747131348
251 -0.4338012635707855
252 -0.5795820951461792
253 -0.5735197365283966
254 -0.5587984919548035
255 -0.4080631732940674
256 -0.13905957341194153
257 -0.5616651773452759
258 -0.5482658743858337
259 -0.24928440153598785
260 -0.34354907274246216
261 -0.9244503080844879
262 -0.21238882839679718
263 -0.7020900547504425
264 -0.12037447839975357
265 -0.1328495442867279
266 -0.5028402805328369
267 -0.26230570673942566
268 -0.13326294720172882
269 -0.41784775257110596
270 -1.044583261013031
271 -0.27702054381370544
272 -0.26869815587997437
273 -0.21200573444366455
274 -0.5300798416137695
275 -0.5112621784210205
276 -0.9254557490348816
277 -0.5965976715087891
278 -0.219857856631279
279 -0.48400792479515076
280 -0.13121284544467926
281 -0.4975498616695404
282 -0.1461268961429596
283 -0.22403210401535034
284 -0.1266673356294632
285 -0.16857090592384338
286 -0.5968061685562134
287 -0.266523540019989
288 -0.19541068375110626
289 -0.3146970570087433
290 -0.6991317570209503
291 -0.19308742880821228
292 -0.13061077892780304
293 -0.1570221483707428
294 -0.40223628282546997
295 -0.14803695678710938
296 -0.20307959616184235
297 -0.9305343627929688
298 -0.1423182636499405
299 -0.5986265689134598
300 -0.12238369137048721
301 -0.3428769111633301
302 -0.13924375176429749
303 -0.19190353155136108
304 -0.28922924399375916
305 -0.12133127450942993
306 -1.1902954280376434
307 -0.14513938128948212
308 -0.16639240086078644
309 -0.12809158861637115
310 -0.20012275874614716
311 -0.23080310225486755
312 -0.14116701483726501
313 -0.8248341977596283
314 -0.5191655158996582
315 -0.11630875617265701
316 -0.49806907773017883
317 -0.3176964223384857
318 -0.3177400827407837
319 -0.5170513391494751
320 -0.1330283135175705
321 -1.10801762342453
322 -0.2117927074432373
323 -0.44875510036945343
324 -0.2586594447493553
325 -0.3579786419868469
326 -0.4866181015968323
327 -0.5100851655006409
328 -0.4280936270952225
329 -0.259812593460083
330 -0.17701490223407745
331 -0.5725237727165222
332 -0.11612030863761902
333 -0.30126163363456726
334 -0.1219322606921196
335 -0.22841566801071167
336 -0.14000914990901947
337 -0.46634918451309204
338 -0.5231533646583557
339 -0.445704847574234
340 -0.608775794506073
341 -0.6139675378799438
342 -0.41567519307136536
343 -0.641777902841568
344 -0.5861355662345886
345 -0.2149924784898758
346 -0.27317434549331665
347 -0.12891162931919098
348 -0.39762672781944275
349 -0.44720667600631714
350 -0.4226333498954773
351 -0.20870020985603333
352 -0.30209898948669434
353 -0.39335212111473083
354 -0.1782962828874588
355 -0.5999866724014282
356 -0.1589626967906952
357 -0.4315624535083771
358 -0.40350544452667236
359 -0.23310942947864532
360 -0.6868673861026764
361 -0.3661564290523529
362 -0.5968812257051468
363 -0.1939212679862976
364 -0.11428364366292953
365 -0.3745587468147278
366 -0.45486733317375183
367 -0.23901355266571045
368 -0.5848021507263184
369 -0.4922356605529785
370 -0.21350674331188202
371 -0.32422471046447754
372 -0.21544422209262848
373 -0.19671253859996796
374 -0.8450808525085449
375 -0.19492390751838684
376 -0.529440701007843
377 -0.4559803605079651
378 -0.7098295390605927
379 -0.8447370827198029
380 -0.11757110059261322
381 -0.6237560510635376
382 -0.19307385385036469
383 -0.18525031208992004
384 -0.2191348820924759
385 -0.4102766215801239
386 -0.4689185917377472
387 -0.20415955781936646
388 -0.19291718304157257
389 -0.3880108892917633
390 -0.40614718198776245
391 -0.27269232273101807
392 -0.18772737681865692
393 -0.41454756259918213
394 -0.4341762661933899
395 -0.4620491564273834
396 -0.46787407994270325
397 -0.2117927074432373
398 -0.36166897416114807
399 -0.11695963889360428
400 -0.47432950139045715
401 -0.12982742488384247
402 -0.22232145071029663
403 -0.348861962556839
404 -0.5016393661499023
405 -0.4764067828655243
406 -0.1895265132188797
407 -1.2966637015342712
408 -0.6192426681518555
409 -1.373750925064087
410 -0.34090258181095123
411 -0.5616117119789124
412 -0.5741060972213745
413 -0.4261815845966339
414 -0.5955584645271301
415 -0.5714922547340393
416 -0.5656306147575378
417 -0.2956527769565582
418 -0.43682360649108887
419 -0.4230020344257355
420 -0.38207894563674927
421 -0.42309555411338806
422 -0.24997475743293762
423 -0.23856019973754883
424 -0.4131087064743042
425 -0.22051413357257843
426 -0.6677801311016083
427 -0.4208156317472458
428 -0.13385942578315735
429 -0.5195717811584473
430 -0.7687995433807373
431 -0.4718579649925232
432 -0.5358587503433228
433 -0.13715329766273499
434 -0.4784395396709442
435 -0.5767968893051147
436 -0.3904842436313629
437 -0.1179947629570961
438 -0.09412866085767746
439 -0.3904029428958893
440 -0.13372445106506348
441 -0.4093151092529297
442 -0.15912899374961853
443 -0.40415075421333313
444 -0.15418441593647003
445 -0.11957618594169617
446 -0.6800327301025391
447 -0.45203033089637756
448 -0.24250860512256622
449 -0.4848208427429199
450 -0.4107568562030792
451 -0.4853087067604065
452 -0.7947384417057037
453 -0.16031843423843384
454 -0.11630875617265701
455 -0.19084851443767548
456 -0.22219090163707733
457 -0.3983343839645386
458 -0.183493509888649
459 -0.11634452641010284
460 -0.5673691630363464
461 -0.11756657063961029
462 -0.4566037952899933
463 -0.14103692770004272
464 -0.5756941437721252
465 -0.4336170256137848
466 -0.24445585906505585
467 -0.12460534274578094
468 -0.19688430428504944
469 -0.3908178210258484
470 -0.20635421574115753
471 -0.42330169677734375
472 -0.1217523068189621
473 -0.4144313633441925
474 -0.20549127459526062
475 -0.3441809117794037
476 -0.571083277463913
477 -0.40187934041023254
478 -0.44645529985427856
479 -0.3485802710056305
480 -0.38840213418006897
481 -0.19226044416427612
482 -0.21077272295951843
483 -1.0908593535423279
484 -0.46965526044368744
485 -0.4711547791957855
486 -0.1897822469472885
487 -0.12823514640331268
488 -0.5031204223632812
489 -0.8379359543323517
490 -0.2521984875202179
491 -0.2161562591791153
492 -0.20814070105552673
493 -0.320480614900589
494 -0.49837154150009155
495 -0.18664877116680145
496 -0.14439411461353302
497 -0.4506811797618866
498 -0.19475673139095306
499 -0.4417841136455536
500 -0.5636346936225891
501 -0.2818009853363037
502 -0.43663477897644043
503 -1.0843113362789154
504 -0.4760739207267761
505 -0.6781246960163116
506 -0.9289851188659668
507 -0.23838143050670624
508 -0.14747843146324158
509 -0.21912555396556854
510 -0.14327897131443024
511 -0.3192507028579712
512 -0.20979918539524078
513 -0.19307385385036469
514 -0.205033540725708
515 -0.4579571634531021
516 -1.2519958019256592
517 -0.18645983934402466
518 -0.4215456545352936
519 -0.22381922602653503
520 -0.12066242098808289
521 -0.16036923229694366
522 -0.196736678481102
523 -0.4813346564769745
524 -0.611860990524292
525 -0.4676344096660614
526 -0.3619954586029053
527 -0.2463652491569519
528 -0.20522360503673553
529 -0.139816552400589
530 -0.5103941559791565
531 -0.4233534038066864
532 -0.2639870345592499
533 -0.2596126198768616
534 -0.5175123810768127
535 -0.1404247283935547
536 -0.4895615577697754
537 -0.16756191849708557
538 -0.4158826172351837
539 -0.13115134835243225
540 -0.4342748522758484
541 -0.19671253859996796
542 -0.8297167122364044
543 -0.22465254366397858
544 -0.5130211114883423
545 -0.2018866240978241
546 -0.45030179619789124
547 -0.4224764406681061
548 -0.42817533016204834
549 -0.39575648307800293
550 -0.5272285342216492
551 -0.19017714262008667
552 -0.5981625765562057
553 -0.47155141830444336
554 -0.5874592661857605
555 -0.1647249013185501
556 -0.5778020024299622
557 -0.12295157462358475
558 -0.4789502024650574
559 -0.16049878299236298
560 -0.4502120912075043
561 -0.12778913974761963
562 -0.13110117614269257
563 -0.48857441544532776
564 -1.0498669743537903
565 -0.8986099362373352
566 -0.19905821979045868
567 -0.1569814234972
568 -0.11544853448867798
569 -0.5471194982528687
570 -0.4764079749584198
571 -0.6780001223087311
572 -0.3582755923271179
573 -0.48240137100219727
574 -0.5766320824623108
575 -0.18673041462898254
576 -1.2062230706214905
577 -0.5579243302345276
578 -0.18810275197029114
579 -0.6113696098327637
580 -0.44557294249534607
581 -0.11594221740961075
582 -0.4658907428383827
583 -1.3909724950790405
584 -0.32453081011772156
585 -0.21912595629692078
586 -0.23643745481967926
587 -0.27282458543777466
588 -0.18793466687202454
589 -0.25571003556251526
590 -0.34540215134620667
591 -0.12506650388240814
592 -0.38212668895721436
593 -0.30677318572998047
594 -0.1352044939994812
595 -0.4132484793663025
596 -0.23466551303863525
597 -0.4005178213119507
598 -0.5594804286956787
599 -0.23864755034446716
600 -0.4224807918071747
601 -0.23357564210891724
602 -0.33815303444862366
603 -0.13244260847568512
604 -0.5074425339698792
605 -0.596754789352417
606 -0.1313486099243164
607 -0.41236796975135803
608 -0.2408933937549591
609 -0.12671029567718506
610 -0.3747557997703552
611 -0.3562681972980499
612 -0.12489604204893112
613 -0.4745870530605316
614 -0.4011620581150055
615 -0.3119456470012665
616 -0.4221712350845337
617 -0.18041794002056122
618 -0.3340871036052704
619 -0.5615905523300171
620 -0.5313318371772766
621 -0.12595395743846893
622 -0.9381372928619385
623 -0.1404247283935547
624 -0.4455113112926483
625 -0.12583692371845245
626 -0.1909741759300232
627 -0.5837156176567078
628 -0.3114461898803711
629 -0.1333969682455063
630 -0.3959348201751709
631 -0.2795885056257248
632 -0.2094031125307083
633 -0.5346991419792175
634 -0.37844014167785645
635 -0.4902059733867645
636 -0.16007590293884277
637 -0.5598990321159363
638 -0.6099910140037537
639 -0.3359591066837311
640 -0.43383488059043884
641 -0.3535737693309784
642 -0.237596295773983
643 -0.2161855548620224
644 -0.22434675693511963
645 -0.12275150418281555
646 -1.0151590704917908
647 -0.11804620921611786
648 -0.1267465502023697
649 -0.39735060930252075
650 -0.4841171205043793
651 -0.5121123194694519
652 -0.4420546889305115
653 -0.17977474629878998
654 -0.5889258980751038
655 -0.1964251846075058
656 -0.18342185020446777
657 -1.3500176668167114
658 -0.3717323839664459
659 -0.11944849044084549
660 -0.8853444159030914
661 -0.753402978181839
662 -0.4740625321865082
663 -0.14112399518489838
664 -0.12608602643013
665 -0.18877145648002625
666 -0.07590679079294205
667 -0.3613010048866272
668 -0.15284912288188934
669 -0.19719940423965454
670 -1.3208853006362915
671 -0.19589675962924957
672 -0.17605693638324738
673 -0.12061133980751038
674 -0.07590679079294205
675 -1.243146002292633
676 -0.34374311566352844
677 -0.23304790258407593
678 -0.33580929040908813
679 -0.4608117640018463
680 -0.33174651861190796
681 -0.26405612379312515
682 -0.38983622193336487
683 -0.46233895421028137
684 -0.5371949076652527
685 -0.35359662771224976
686 -0.17257501184940338
687 -0.3203851580619812
688 -0.23405349254608154
689 -0.13818690180778503
690 -0.20012275874614716
691 -0.12361785769462585
692 -0.5079542994499207
693 -0.16857090592384338
694 -0.35009056329727173
695 -0.3352015018463135
696 -0.5640985816717148
697 -0.42759159207344055
698 -0.4245617091655731
699 -0.5758220553398132
700 -0.3498861491680145
701 -0.6130634546279907
702 -0.14525607228279114
703 -0.26534463465213776
704 -0.7503641545772552
705 -0.12655745446681976
706 -0.4873186945915222
707 -0.14293357729911804
708 -0.13065388798713684
709 -0.42334285378456116
710 -0.20196640491485596
711 -0.2998737394809723
712 -0.41590696573257446
713 -0.3742501363158226
714 -0.45454031229019165
715 -1.642249807715416
716 -0.3879683315753937
717 -0.3439955413341522
718 -0.21824795007705688
719 -0.20699462294578552
720 -0.2241600751876831
721 -0.12022855877876282
722 -0.133506178855896
723 -0.1870448887348175
724 -0.6058322191238403
725 -0.8072431236505508
726 -0.11535859107971191
727 -0.3693372905254364
728 -0.4636709690093994
729 -0.13002672791481018
730 -0.12799528241157532
731 -0.13014499843120575
732 -0.698722168803215
733 -0.17789824306964874
734 -0.2414902299642563
735 -0.20710332691669464
736 -0.39217817783355713
737 -0.41363459825515747
738 -0.45948079228401184
739 -0.34271925687789917
740 -0.42674505710601807
741 -0.14863164722919464
742 -0.21431903541088104
743 -1.1783671379089355
744 -0.4293085038661957
745 -0.36584579944610596
746 -0.5270981192588806
747 -0.13697843253612518
748 -0.16328348219394684
749 -0.40919044613838196
750 -0.3853655010461807
751 -0.9623074531555176
752 -0.39593926072120667
753 -0.4170776754617691
754 -0.45148763060569763
755 -0.2296847105026245
756 -0.12567922472953796
757 -0.5574520826339722
758 -0.13762912154197693
759 -0.3322690725326538
760 -0.6260661482810974
761 -0.5050240755081177
762 -0.12633420526981354
763 -0.1295769065618515
764 -0.5335323810577393
765 -0.35406070947647095
766 -0.25413215160369873
767 -0.13120225071907043
768 -0.3903369903564453
769 -0.5294927358627319
770 -0.51119065284729
771 -0.47566069662570953
772 -0.34047703444957733
773 -0.23685559630393982
774 -0.44459185004234314
775 -0.12165048718452454
776 -0.14525607228279114
777 -0.3769373297691345
778 -1.0174787044525146
779 -0.41158559918403625
780 -0.38154277205467224
781 -0.5866305232048035
782 -0.25329533219337463
783 -0.18133124709129333
784 -0.44203510880470276
785 -0.5242005586624146
786 -0.5271068215370178
787 -0.27406740188598633
788 -0.8725953996181488
789 -0.1562597155570984
790 -0.5141407251358032
791 -0.22434675693511963
792 -0.20251968502998352
793 -0.25658512115478516
794 -0.4764370024204254
795 -0.7121952772140503
796 -0.7493688464164734
797 -0.8081098198890686
798 -0.12952886521816254
799 -0.3892126679420471
800 -0.3094516694545746
801 -0.2444893717765808
802 -0.44526126980781555
803 -0.6169103384017944
804 -0.5590888857841492
805 -0.9168891608715057
806 -0.3090474456548691
807 -0.19218093156814575
808 -0.4226771295070648
809 -0.41586121916770935
810 -0.4762224704027176
811 -0.12982742488384247
812 -0.4721347987651825
813 -0.13694092631340027
814 -0.5062335133552551
815 -0.13115134835243225
816 -1.0688121318817139
817 -0.32453081011772156
818 -0.5005757808685303
819 -0.4020664691925049
820 -0.3701498508453369
821 -0.15933330357074738
822 -0.11651040613651276
823 -0.15331564843654633
824 -0.23999471962451935
825 -0.12772151827812195
826 -0.16493095457553864
827 -0.13745059072971344
828 -0.5040664672851562
829 -0.49430161714553833
830 -0.8979054987430573
831 -0.3527994751930237
832 -0.1222720816731453
833 -0.19492577016353607
834 -0.33174651861190796
835 -0.12446288764476776
836 -0.18314333260059357
837 -0.18776553869247437
838 -0.5041108131408691
839 -0.1374960094690323
840 -0.410033255815506
841 -0.38338589668273926
842 -0.3765890598297119
843 -0.5368577837944031
844 -0.6225355267524719
845 -0.3333335816860199
846 -0.20285466313362122
847 -0.20870020985603333
848 -0.44046252965927124
849 -0.19265373051166534
850 -0.16007478535175323
851 -0.39559313654899597
852 -0.1333342045545578
853 -0.6057981252670288
854 -0.42680054903030396
855 -0.8676076829433441
856 -0.38751235604286194
857 -0.36950138211250305
858 -0.4913998544216156
859 -0.14124685525894165
860 -0.1271628737449646
861 -0.20506341755390167
862 -0.20635421574115753
863 -0.4018894135951996
864 -0.24500423669815063
865 -0.5897397994995117
866 -0.4216104745864868
867 -0.8496005237102509
868 -0.5516147613525391
869 -0.12387591600418091
870 -0.2375282198190689
871 -0.21194687485694885
872 -0.13052135705947876
873 -0.1588326245546341
874 -0.5073025226593018
875 -0.41125187277793884
876 -0.6172178983688354
877 -0.5191553831100464
878 -0.5165701508522034
879 -0.8335666656494141
880 -0.9154566824436188
881 -0.6213845014572144
882 -0.415956974029541
883 -0.3693372905254364
884 -1.1132532358169556
885 -0.3269067108631134
886 -0.12238369137048721
887 -0.5789642333984375
888 -1.0054221153259277
889 -0.4745691418647766
890 -0.24480843544006348
891 -0.6863294839859009
892 -1.034864902496338
893 -0.27099934220314026
894 -0.21061889827251434
895 -0.12218911200761795
896 -0.21602249145507812
897 -0.3318372070789337
898 -0.3457115590572357
899 -1.4427048861980438
900 -0.3639691174030304
901 -0.6029282808303833
902 -0.22220760583877563
903 -0.36709064245224
904 -0.17361311614513397
905 -0.5374674797058105
906 -0.18693755567073822
907 -0.41918301582336426
908 -0.1332753747701645
909 -0.19075854122638702
910 -0.1556423306465149
911 -0.5356830954551697
912 -0.33560049533843994
913 -0.4737531840801239
914 -0.20716606080532074
915 -0.20382550358772278
916 -0.5055283308029175
917 -0.47412607073783875
918 -0.33562996983528137
919 -0.5944629907608032
920 -0.20652499794960022
921 -0.1570221483707428
922 -0.1938004493713379
923 -0.42209121584892273
924 -0.40820208191871643
925 -0.46798983216285706
926 -0.1471712440252304
927 -0.17298956215381622
928 -0.40852370858192444
929 -0.13228628039360046
930 -1.2630853652954102
931 -0.8323284983634949
932 -0.20756669342517853
933 -0.12306764721870422
934 -0.21056976914405823
935 -0.13058552145957947
936 -0.5350441336631775
937 -0.25508956611156464
938 -0.12040252983570099
939 -0.16600780189037323
940 -0.21109294891357422
941 -0.1802837997674942
942 -0.4054781496524811
943 -0.12098680436611176
944 -0.3304518908262253
945 -0.45994429290294647
946 -0.3727998435497284
947 -0.35736513137817383
948 -0.49933555722236633
949 -0.2873709499835968
950 -0.5191481709480286
951 -0.1769808679819107
952 -0.4830280542373657
953 -0.18409712612628937
954 -0.6306130290031433
955 -0.23831547796726227
956 -0.17483581602573395
957 -0.3457089364528656
958 -0.18877369165420532
959 -0.35916900634765625
960 -0.12419819831848145
961 -0.1562597155570984
962 -0.20148183405399323
963 -0.332641065120697
964 -0.2241600751876831
965 -0.19384007155895233
966 -0.11770564317703247
967 -0.19630217552185059
968 -0.28995926678180695
969 -0.8840243518352509
970 -0.5391361117362976
971 -0.2889826148748398
972 -0.5470896363258362
973 -0.7885302305221558
974 -0.4948068857192993
975 -0.28835031390190125
976 -0.3256259858608246
977 -0.41193753480911255
978 -0.48649072647094727
979 -0.12361779808998108
980 -0.3121679127216339
981 -0.43322257697582245
982 -0.1350402534008026
983 -0.1944979578256607
984 -0.928862601518631
985 -0.3637970983982086
986 -0.658908486366272
987 -0.11607341468334198
988 -0.1718742400407791
989 -0.501581609249115
990 -0.7514645457267761
991 -0.522679328918457
992 -0.12032268941402435
993 -0.4391286373138428
994 -0.7464776933193207
995 -0.20992864668369293
996 -0.5406550765037537
997 -0.12232545763254166
998 -0.3657882809638977
999 -0.6546562910079956
