0 -9.16451047360897
1 -8.006724581122398
2 -8.579583317041397
3 -9.472553983330727
4 -6.160071164369583
5 -3.2632653936743736
6 -6.328997686505318
7 -8.101435847580433
8 -9.238236546516418
9 -6.458210647106171
10 -2.9934534803032875
11 -5.660725116729736
12 -6.502969026565552
13 -9.058383777737617
14 -4.883722119033337
15 -7.573503404855728
16 -7.03876319527626
17 -9.335696816444397
18 -6.35186729580164
19 -6.907074734568596
20 -7.6543426513671875
21 -7.033646136522293
22 -8.536535263061523
23 -8.213663272559643
24 -6.325270131230354
25 -6.713681481778622
26 -8.402639791369438
27 -8.589520066976547
28 -6.356460757553577
29 -9.371875524520874
30 -6.242140807211399
31 -6.298367977142334
32 -7.21079570800066
33 -7.418683633208275
34 -9.01558332145214
35 -5.85533794760704
36 -9.581473350524902
37 -9.709087163209915
38 -9.17779977619648
39 -6.04921967536211
40 -8.024824902415276
41 -5.904026120901108
42 -9.06495001912117
43 -9.131575591862202
44 -2.7166225761175156
45 -9.058912128210068
46 -7.4572944939136505
47 -6.071271773427725
48 -6.106256917119026
49 -6.192525386810303
50 -6.21165307611227
51 -7.035755202174187
52 -8.927945420145988
53 -9.312273263931274
54 -7.3024968057870865
55 -9.203371338546276
56 -6.224356479942799
57 -6.571457549929619
58 -3.020592287182808
59 -3.537483036518097
60 -9.615312978625298
61 -7.714860200881958
62 -6.6341922879219055
63 -8.633953377604485
64 -9.200018748641014
65 -8.685838997364044
66 -6.018212668597698
67 -6.3115207850933075
68 -3.125948019325733
69 -4.453485012054443
70 -7.233773738145828
71 -8.502803690731525
72 -6.2823716551065445
73 -6.1760005205869675
74 -6.962887600064278
75 -7.964156687259674
76 -9.407538533210754
77 -5.6005493169650435
78 -5.715742409229279
79 -7.100247025489807
80 -4.89693165756762
81 -5.417319126427174
82 -7.56095863878727
83 -9.562437236309052
84 -9.160326108336449
85 -5.030502408742905
86 -7.588215544819832
87 -8.567280173301697
88 -5.6499894708395
89 -5.7581172324717045
90 -9.368854731321335
91 -8.71788127720356
92 -6.300582692027092
93 -8.41361790895462
94 -8.762420766055584
95 -9.66641753911972
96 -7.392598032951355
97 -5.056508421897888
98 -8.655280247330666
99 -2.605201239697635
100 -6.342737436294556
101 -10.59966304898262
102 -6.382192507386208
103 -5.901350475847721
104 -9.487855643033981
105 -7.365073844790459
106 -5.771397054195404
107 -8.66117537766695
108 -5.775958884507418
109 -6.009985014796257
110 -5.950528979301453
111 -5.34116343036294
112 -5.794383175671101
113 -6.755738168954849
114 -6.0597080290317535
115 -6.185060441493988
116 -8.405090771615505
117 -7.1384682059288025
118 -9.108275204896927
119 -8.30066029727459
120 -8.689004704356194
121 -5.902598574757576
122 -6.148455560207367
123 -5.647495999932289
124 -7.763134941458702
125 -5.435645803809166
126 -9.001622900366783
127 -5.182966992259026
128 -7.072852805256844
129 -7.587300255894661
130 -9.251622274518013
131 -5.953299418091774
132 -7.9756594598293304
133 -5.520632021129131
134 -6.561265245079994
135 -6.123146630823612
136 -8.7204430103302
137 -2.9771430902183056
138 -9.269230052828789
139 -9.546854324638844
140 -5.932115137577057
141 -5.69964887201786
142 -6.233705013990402
143 -9.298531740903854
144 -5.080877050757408
145 -5.514421537518501
146 -9.218878895044327
147 -2.7848234698176384
148 -4.983494076645002
149 -6.220131136476994
150 -7.302748143672943
151 -8.861809477210045
152 -7.165565758943558
153 -5.657697528600693
154 -8.536538630723953
155 -6.41060571372509
156 -8.84635105729103
157 -4.935090623795986
158 -8.081849053502083
159 -8.440158307552338
160 -9.673415943980217
161 -5.349214538931847
162 -8.41212049126625
163 -8.2561474442482
164 -9.510446935892105
165 -5.426036648452282
166 -5.243331637233496
167 -5.723191600292921
168 -6.450812064111233
169 -8.930372819304466
170 -5.661423915997148
171 -7.084275722503662
172 -8.312836706638336
173 -8.13445495069027
174 -2.9135915488004684
175 -5.198004856705666
176 -5.25768381357193
177 -6.0034264624118805
178 -9.568372920155525
179 -8.322150900959969
180 -6.041623413562775
181 -6.1461434960365295
182 -6.086749479174614
183 -5.83926603756845
184 -6.1435821652412415
185 -6.959601625800133
186 -7.522362321615219
187 -5.511451154947281
188 -8.566063731908798
189 -6.038948208093643
190 -8.660169273614883
191 -3.051717482507229
192 -7.4575792998075485
193 -8.159734688699245
194 -6.268145337700844
195 -8.334540218114853
196 -8.121651872992516
197 -8.869127184152603
198 -9.008228361606598
199 -8.46646985411644
200 -2.762430213391781
201 -8.109428703784943
202 -7.7290246188640594
203 -6.145474836230278
204 -9.569356471300125
205 -9.183834537863731
206 -7.124982580542564
207 -2.9181047976017
208 -6.180898487567902
209 -7.181443095207214
210 -6.06659834086895
211 -8.258744582533836
212 -3.2040602266788483
213 -5.6849634796381
214 -6.295279681682587
215 -9.099559858441353
216 -8.492691323161125
217 -8.882700212299824
218 -9.268485635519028
219 -9.360351130366325
220 -8.755102716386318
221 -7.786962598562241
222 -8.853964999318123
223 -8.383317798376083
224 -8.737100049853325
225 -8.655710130929947
226 -9.97206126153469
227 -8.895690828561783
228 -8.034530058503151
229 -6.975173115730286
230 -8.700949713587761
231 -6.2079741060733795
232 -5.47038409113884
233 -8.734337538480759
234 -5.46267032623291
235 -7.057667627930641
236 -7.8945335149765015
237 -2.700423777103424
238 -6.096312690526247
239 -4.965738859027624
240 -5.597289897501469
241 -7.253279998898506
242 -3.3225957229733467
243 -5.863498166203499
244 -8.521996155381203
245 -6.587200865149498
246 -8.879802078008652
247 -2.610241688787937
248 -9.434445410966873
249 -5.935311004519463
250 -4.9405702874064445
251 -8.815849781036377
252 -8.322048805654049
253 -9.638221561908722
254 -9.056760042905807
255 -8.224689573049545
256 -8.531672909855843
257 -9.461537018418312
258 -7.338082417845726
259 -8.286486953496933
260 -8.515991225838661
261 -8.351202696561813
262 -4.879380756057799
263 -4.059296211227775
264 -5.08257183432579
265 -2.844167698174715
266 -2.942423827946186
267 -8.729270040988922
268 -6.219310780055821
269 -8.028936460614204
270 -7.787622019648552
271 -5.947546496987343
272 -5.605903438758105
273 -5.44833916425705
274 -8.18708373606205
275 -6.643470995128155
276 -9.322364926338196
277 -8.42242082953453
278 -5.769634872674942
279 -9.082707464694977
280 -6.393206804990768
281 -5.856604963541031
282 -2.70615141838789
283 -8.003600388765335
284 -5.669600140303373
285 -9.043796181678772
286 -8.157939612865448
287 -3.038415551185608
288 -8.852657794952393
289 -8.431301221251488
290 -7.27854561060667
291 -8.95548078417778
292 -7.669049881398678
293 -8.551174856722355
294 -5.431352384388447
295 -5.273778602480888
296 -5.653876482974738
297 -6.114156782627106
298 -8.717835366725922
299 -9.38283933699131
300 -5.659002050757408
301 -8.246891781687737
302 -9.101234637200832
303 -9.731321856379509
304 -9.494179628789425
305 -6.210885889828205
306 -4.731106236577034
307 -2.850557044148445
308 -5.181266196072102
309 -5.312344886362553
310 -9.313409715890884
311 -6.00285928696394
312 -9.58476859331131
313 -8.79700413509272
314 -9.47403959929943
315 -7.190969578921795
316 -7.90071514248848
317 -5.979859001934528
318 -7.351061195135117
319 -7.743986546993256
320 -6.081568107008934
321 -5.834451541304588
322 -8.648205265402794
323 -6.2901167422533035
324 -6.727580279111862
325 -6.5431345999240875
326 -8.481051936745644
327 -7.582416504621506
328 -7.202698975801468
329 -6.892561092972755
330 -6.1683375388383865
331 -8.934311300516129
332 -6.586817443370819
333 -5.89555861800909
334 -8.833918005228043
335 -7.113964021205902
336 -5.421123005449772
337 -8.640660107135773
338 -6.346566081047058
339 -6.964122757315636
340 -5.827308803796768
341 -7.7231603637337685
342 -5.57434955984354
343 -8.024644039571285
344 -8.31335087120533
345 -8.656478181481361
346 -8.669811964035034
347 -4.730624906718731
348 -7.838465020060539
349 -5.853448331356049
350 -7.67623957246542
351 -8.571954384446144
352 -5.333275953307748
353 -8.658061295747757
354 -8.674042657017708
355 -6.343494191765785
356 -3.2241956144571304
357 -9.289969131350517
358 -5.874548397958279
359 -5.855545923113823
360 -4.841207452118397
361 -6.317173063755035
362 -6.841544404625893
363 -8.961548179388046
364 -7.697997450828552
365 -8.29849873483181
366 -4.858632929623127
367 -7.885622024536133
368 -8.301561906933784
369 -8.087531805038452
370 -5.8151051215827465
371 -6.981035009026527
372 -8.290644988417625
373 -8.738076359033585
374 -7.544036261737347
375 -5.320222578942776
376 -2.8529146499931812
377 -8.121152803301811
378 -6.1664082929492
379 -5.67449931264855
380 -7.90753510594368
381 -8.143993116915226
382 -5.669114589691162
383 -5.676744759082794
384 -8.2580845952034
385 -6.7515911012887955
386 -4.738772671669722
387 -7.6160246431827545
388 -5.402745321393013
389 -5.287954658269882
390 -8.125290408730507
391 -8.147795528173447
392 -6.148645266890526
393 -8.766468554735184
394 -8.92884236574173
395 -8.689536288380623
396 -7.406894505023956
397 -9.123889043927193
398 -2.9508578181266785
399 -7.909125044941902
400 -2.88246838003397
401 -5.3769597709178925
402 -5.910969473421574
403 -7.9261853992938995
404 -3.287943534553051
405 -8.258276998996735
406 -6.4038286954164505
407 -5.461818978190422
408 -7.248339653015137
409 -8.548968255519867
410 -9.415448032319546
411 -8.442146182060242
412 -9.159143701195717
413 -6.251868426799774
414 -5.264017954468727
415 -6.144014477729797
416 -8.41822024434805
417 -8.048408530652523
418 -7.209890380501747
419 -7.628629170358181
420 -5.350142830051482
421 -8.584895804524422
422 -5.145769104361534
423 -3.154306299984455
424 -6.169726140797138
425 -6.360964044928551
426 -6.229615353047848
427 -4.957125522196293
428 -6.290503226220608
429 -5.539969429373741
430 -8.21440976113081
431 -9.532962024211884
432 -5.200885362923145
433 -9.141460373997688
434 -5.9734219536185265
435 -9.468766637146473
436 -8.39235669374466
437 -8.086803331971169
438 -6.595579072833061
439 -7.207120314240456
440 -5.223713509738445
441 -8.146269679069519
442 -9.126496493816376
443 -7.56150358915329
444 -7.919982299208641
445 -6.313520982861519
446 -7.340221107006073
447 -9.190123468637466
448 -9.198549747467041
449 -9.230934292078018
450 -6.473377890884876
451 -5.952769875526428
452 -7.1184224635362625
453 -8.97609730064869
454 -8.450944647192955
455 -5.485951267182827
456 -6.991128236055374
457 -7.099442079663277
458 -8.218975961208344
459 -6.584244102239609
460 -7.865475565195084
461 -5.801457829773426
462 -6.02622327953577
463 -9.451986595988274
464 -6.045232325792313
465 -3.398314468562603
466 -5.68435600399971
467 -8.394745886325836
468 -8.516357347369194
469 -8.02525994181633
470 -6.2584515661001205
471 -8.425715446472168
472 -8.41921742260456
473 -7.957446441054344
474 -7.857943385839462
475 -6.453659549355507
476 -9.496006801724434
477 -8.261436447501183
478 -8.081871062517166
479 -8.934937089681625
480 -8.841498881578445
481 -5.290456227958202
482 -5.267393358051777
483 -7.843057006597519
484 -8.237886115908623
485 -8.16583564132452
486 -8.720303684473038
487 -5.141876861453056
488 -5.981779456138611
489 -8.035406365990639
490 -8.32290069758892
491 -5.054311454296112
492 -6.49029303342104
493 -10.138018667697906
494 -3.2447537928819656
495 -8.265019930899143
496 -5.861406825482845
497 -9.552596464753151
498 -5.731089103966951
499 -6.887417808175087
500 -8.011244371533394
501 -9.194431453943253
502 -5.262630507349968
503 -8.764434531331062
504 -6.799744799733162
505 -6.708980359137058
506 -7.6266700476408005
507 -7.768863886594772
508 -7.105799309909344
509 -5.8366878889501095
510 -9.018106862902641
511 -9.315644040703773
512 -8.76378957927227
513 -9.664026364684105
514 -8.642043262720108
515 -9.184467867016792
516 -6.029298692941666
517 -5.5923822671175
518 -8.518252417445183
519 -5.789430543780327
520 -7.923311114311218
521 -5.438174016773701
522 -6.89762669801712
523 -6.209746316075325
524 -8.186614274978638
525 -6.4878314435482025
526 -6.870273634791374
527 -5.717150837182999
528 -5.255296789109707
529 -8.664137095212936
530 -5.675681948661804
531 -5.228818081319332
532 -7.911096096038818
533 -7.366775676608086
534 -6.393096506595612
535 -5.834398329257965
536 -5.52979164943099
537 -3.3017500042915344
538 -7.225264757871628
539 -6.936849072575569
540 -8.082951068878174
541 -8.86848396062851
542 -3.138274759054184
543 -5.294742001220584
544 -6.0764071345329285
545 -5.6891457960009575
546 -7.562324196100235
547 -9.168498307466507
548 -6.066828288137913
549 -8.337784364819527
550 -5.314732350409031
551 -8.451120629906654
552 -7.551081836223602
553 -8.252518102526665
554 -8.428441137075424
555 -5.997523598372936
556 -7.690902374684811
557 -6.6779434978961945
558 -7.811251983046532
559 -5.787013426423073
560 -6.5614225417375565
561 -6.223295129835606
562 -6.653447061777115
563 -8.511023834347725
564 -6.460112944245338
565 -8.697951957583427
566 -5.683484271168709
567 -9.546541064977646
568 -9.290923699736595
569 -7.818952977657318
570 -3.1882618963718414
571 -9.315004885196686
572 -9.253075614571571
573 -8.173207268118858
574 -7.313533663749695
575 -7.283787444233894
576 -5.040590830147266
577 -5.473229840397835
578 -4.889083661139011
579 -2.575523793697357
580 -3.4413993880152702
581 -5.878255948424339
582 -8.461602881550789
583 -6.368781611323357
584 -6.066770151257515
585 -8.293737329542637
586 -5.579663932323456
587 -8.95151536166668
588 -8.823062375187874
589 -5.720436882227659
590 -2.909229427576065
591 -5.981204338371754
592 -6.533162668347359
593 -7.60379034280777
594 -9.095024183392525
595 -8.300289943814278
596 -9.020887590944767
597 -5.292568897129968
598 -8.565119534730911
599 -6.520751014351845
600 -7.470802441239357
601 -2.956887297332287
602 -6.250903315842152
603 -7.117319453507662
604 -7.3869975954294205
605 -7.435359880328178
606 -8.234649911522865
607 -2.7324135061353445
608 -7.571274548768997
609 -7.142875283956528
610 -5.767239630222321
611 -2.999625259079039
612 -4.645862676203251
613 -9.385639727115631
614 -5.779934160411358
615 -8.93961638212204
616 -6.113133281469345
617 -8.907460808753967
618 -5.93877412378788
619 -6.17884074896574
620 -6.283672139048576
621 -7.035358004271984
622 -8.850808754563332
623 -8.451795436441898
624 -5.460114806890488
625 -9.667786821722984
626 -8.063933975994587
627 -7.333639204502106
628 -8.05345281213522
629 -6.406319461762905
630 -7.99357296526432
631 -5.161909691989422
632 -8.089745238423347
633 -7.1016401797533035
634 -3.322538636624813
635 -5.338119705207646
636 -6.005098037421703
637 -5.766816463321447
638 -8.79322238266468
639 -2.6405640728771687
640 -5.595568187534809
641 -7.454463317990303
642 -8.041240617632866
643 -5.620313100516796
644 -2.7371960282325745
645 -8.926761224865913
646 -7.150374323129654
647 -8.623982667922974
648 -6.2859155386686325
649 -6.28310177475214
650 -7.286586418747902
651 -6.757690370082855
652 -7.221683606505394
653 -6.019480407238007
654 -5.695114821195602
655 -9.56880609691143
656 -8.494692236185074
657 -5.569768324494362
658 -2.860863395035267
659 -8.446684032678604
660 -5.556183248758316
661 -8.33326855301857
662 -8.84435273706913
663 -7.25599330663681
664 -6.1967897564172745
665 -9.088852122426033
666 -9.511794075369835
667 -7.8788096234202385
668 -5.678310252726078
669 -7.9450471848249435
670 -8.673803374171257
671 -8.422115005552769
672 -6.883109420537949
673 -2.6931987181305885
674 -7.400316581130028
675 -5.70145957171917
676 -7.332091338932514
677 -8.815695315599442
678 -7.097431659698486
679 -6.159680493175983
680 -9.053410038352013
681 -6.775990379974246
682 -6.359156880527735
683 -6.5069111958146095
684 -8.544610902667046
685 -5.726311206817627
686 -7.55012583732605
687 -5.6956537291407585
688 -6.1030489802360535
689 -5.351267822086811
690 -4.969072729349136
691 -8.089624673128128
692 -7.833455964922905
693 -9.688155978918076
694 -6.4852801859378815
695 -9.702973753213882
696 -8.488451138138771
697 -8.73741814494133
698 -8.756305657327175
699 -10.00045907497406
700 -5.972395405173302
701 -5.882098034024239
702 -6.195370282977819
703 -8.786611095070839
704 -9.95765633881092
705 -9.224729508161545
706 -6.158759821206331
707 -5.595667943358421
708 -8.507549576461315
709 -9.409453511238098
710 -6.780058830976486
711 -7.426546946167946
712 -7.953416585922241
713 -9.853370919823647
714 -8.21901547908783
715 -7.324658378958702
716 -6.191566728055477
717 -7.696173653006554
718 -9.35298565030098
719 -6.462686449289322
720 -9.098522998392582
721 -5.557660847902298
722 -5.160232789814472
723 -3.1930476054549217
724 -8.378376930952072
725 -6.28632190823555
726 -9.12782235443592
727 -8.25018034875393
728 -5.631417378783226
729 -8.874680489301682
730 -9.01957356929779
731 -8.614339634776115
732 -9.315544590353966
733 -5.4349522441625595
734 -6.330665320158005
735 -6.673377342522144
736 -4.884216584265232
737 -9.164130911231041
738 -7.13077138364315
739 -2.6941026747226715
740 -8.85420648753643
741 -8.648846164345741
742 -7.884675107896328
743 -7.092995367944241
744 -8.576679408550262
745 -5.752220319584012
746 -5.728185512125492
747 -6.149804547429085
748 -6.99096517264843
749 -7.4689178466796875
750 -9.107853263616562
751 -7.480283632874489
752 -4.7065566554665565
753 -6.222622878849506
754 -8.324072636663914
755 -5.654664672911167
756 -9.949835285544395
757 -5.510230891406536
758 -9.540312007069588
759 -9.598051771521568
760 -5.345421060919762
761 -5.556048929691315
762 -5.886714607477188
763 -3.0312706977128983
764 -7.3772838935256
765 -8.910576477646828
766 -8.51213613152504
767 -5.699026562273502
768 -8.666783511638641
769 -6.608159802854061
770 -8.44577181339264
771 -7.99504129588604
772 -6.787240952253342
773 -9.152016058564186
774 -5.754558861255646
775 -7.887846924364567
776 -5.855631485581398
777 -9.718482859432697
778 -2.80058703571558
779 -5.442938014864922
780 -8.688585013151169
781 -8.567204624414444
782 -3.3234920874238014
783 -8.081865385174751
784 -5.137134164571762
785 -6.212160348892212
786 -6.641523227095604
787 -5.287962056696415
788 -2.872723661363125
789 -6.510075032711029
790 -2.968506045639515
791 -5.982017129659653
792 -2.8983711302280426
793 -8.422369956970215
794 -5.279556721448898
795 -4.913294546306133
796 -9.131371453404427
797 -7.50816810131073
798 -8.07042108476162
799 -8.471563622355461
800 -9.286171406507492
801 -5.677763044834137
802 -7.892361298203468
803 -5.310987159609795
804 -6.413637742400169
805 -3.980221725301817
806 -6.262080058455467
807 -6.208514153957367
808 -9.152170598506927
809 -6.215893484652042
810 -5.1607431173324585
811 -6.9469875395298
812 -2.8871327117085457
813 -5.897561986930668
814 -2.7407504618167877
815 -7.5915682800114155
816 -3.036853864789009
817 -6.168198809027672
818 -8.738088145852089
819 -6.776257187128067
820 -8.677855253219604
821 -6.228732645511627
822 -6.068519301712513
823 -7.945799961686134
824 -6.025729201734066
825 -8.924461036920547
826 -6.613874718546867
827 -8.942059025168419
828 -8.648218303918839
829 -8.22872181236744
830 -8.978215627372265
831 -5.671002760529518
832 -6.112232565879822
833 -4.714403764344752
834 -6.223308324813843
835 -8.24531952291727
836 -5.605075925588608
837 -6.5091254860162735
838 -5.460677221417427
839 -8.065189957618713
840 -5.708460237830877
841 -7.623978868126869
842 -8.278616309165955
843 -8.116700872778893
844 -3.1530297696590424
845 -8.768830642104149
846 -2.8989074900746346
847 -8.329407438635826
848 -5.78154531121254
849 -8.414489805698395
850 -5.490856483578682
851 -8.388834804296494
852 -7.180594429373741
853 -5.604550132527947
854 -5.661493983119726
855 -4.674885794520378
856 -5.581139519810677
857 -6.180595397949219
858 -8.63524004817009
859 -5.502085665677441
860 -5.925096116960049
861 -8.613104939460754
862 -5.36653409153223
863 -7.866929993033409
864 -5.46432201564312
865 -2.830986361950636
866 -5.909738332033157
867 -2.758708830922842
868 -8.289893068373203
869 -7.956740781664848
870 -8.397909104824066
871 -9.02795334160328
872 -8.014879003167152
873 -6.029372975230217
874 -2.633276170119643
875 -8.29386918246746
876 -6.313613191246986
877 -2.8272520005702972
878 -6.847612529993057
879 -6.168543368577957
880 -7.3447398617863655
881 -7.405394680798054
882 -5.343490093946457
883 -6.195732705295086
884 -6.91247084736824
885 -7.581102102994919
886 -7.534745320677757
887 -5.858728431165218
888 -5.702469803392887
889 -7.29587459564209
890 -7.906644359230995
891 -6.551284268498421
892 -8.965346455574036
893 -4.984432116150856
894 -6.354845181107521
895 -8.68854558467865
896 -6.3338727578520775
897 -6.252227142453194
898 -7.749013930559158
899 -7.417596414685249
900 -6.942520052194595
901 -9.813324227929115
902 -4.358566142618656
903 -6.551062226295471
904 -8.831467017531395
905 -6.24617475271225
906 -9.404099211096764
907 -8.855339705944061
908 -7.536671683192253
909 -5.638532988727093
910 -6.13159091770649
911 -6.972487024962902
912 -9.828689828515053
913 -9.60048708319664
914 -6.400990821421146
915 -8.794450461864471
916 -5.7334702759981155
917 -8.668575704097748
918 -3.210183970630169
919 -9.319529637694359
920 -6.008251719176769
921 -5.630963772535324
922 -10.30928735435009
923 -6.013830900192261
924 -2.9416824653744698
925 -9.434394508600235
926 -9.830650009214878
927 -6.002935377880931
928 -8.700701847672462
929 -6.587539665400982
930 -5.5493578016757965
931 -6.128098264336586
932 -9.7045628875494
933 -5.582133665680885
934 -6.588601760566235
935 -8.104083776473999
936 -6.296485617756844
937 -8.723633989691734
938 -6.358634829521179
939 -6.386931613087654
940 -5.564385294914246
941 -8.277045607566833
942 -7.767884075641632
943 -4.964923620223999
944 -8.594331413507462
945 -5.854989416897297
946 -8.038442865014076
947 -6.059039905667305
948 -3.299377242103219
949 -5.9041102677583694
950 -8.829617880284786
951 -5.189641699194908
952 -5.80829999409616
953 -3.1050730645656586
954 -7.84233945608139
955 -5.9593585431575775
956 -6.4965819120407104
957 -6.195021137595177
958 -8.65533347427845
959 -2.8186394795775414
960 -7.876940406858921
961 -8.691097378730774
962 -9.683734610676765
963 -9.610557600855827
964 -6.4360697120428085
965 -8.436281234025955
966 -8.87801669538021
967 -5.930270045995712
968 -8.785553127527237
969 -7.783689312636852
970 -5.641399874351919
971 -9.516243427991867
972 -8.548119813203812
973 -6.555045619606972
974 -5.505209717899561
975 -6.691894888877869
976 -5.746456541121006
977 -5.666954889893532
978 -6.391032353043556
979 -3.1813733130693436
980 -7.949991330504417
981 -9.572084367275238
982 -6.518224090337753
983 -9.24592362344265
984 -8.46100328117609
985 -6.004707500338554
986 -6.351335257291794
987 -6.10383602976799
988 -8.149502724409103
989 -5.769025631248951
990 -6.136821955442429
991 -7.205197289586067
992 -6.507898397743702
993 -5.963026151061058
994 -5.620309978723526
995 -5.574014261364937
996 -9.416688099503517
997 -9.117691442370415
998 -7.063003093004227
999 -2.8767187893390656
